<?xml version="1.0" encoding="UTF-8"?>
<!-- Generated by org.testng.reporters.JUnitReportReporter -->
<testsuite skipped="0" hostname="IN5CG5130FLJ" name="com.crm.qa.testdata.LoginTest" tests="3" failures="0" timestamp="2019-09-27T20:51:22 IST" time="41.222" errors="0">
  <testcase name="loginpagetitleTest" time="10.902" classname="com.crm.qa.testdata.LoginTest"/>
  <testcase name="crmlogoImageTest" time="13.289" classname="com.crm.qa.testdata.LoginTest"/>
  <testcase name="loginTest" time="17.031" classname="com.crm.qa.testdata.LoginTest"/>
</testsuite> <!-- com.crm.qa.testdata.LoginTest -->
